root@vbox-kali:/home/bissorm# nmap -sS -T4 -p- 10.10.10.180
Starting Nmap 7.80 ( https://nmap.org ) at 2020-04-06 16:35 -03
Nmap scan report for 10.10.10.180
Host is up (0.33s latency).
Not shown: 65503 closed ports
PORT      STATE    SERVICE
21/tcp    open     ftp
80/tcp    open     http
111/tcp   open     rpcbind
121/tcp   filtered erpc
135/tcp   open     msrpc
139/tcp   open     netbios-ssn
157/tcp   filtered knet-cmp
445/tcp   open     microsoft-ds
2049/tcp  open     nfs
2929/tcp  filtered amx-webadmin
4968/tcp  filtered unknown
5985/tcp  open     wsman
14510/tcp filtered unknown
15959/tcp filtered unknown
22705/tcp filtered unknown
30311/tcp filtered unknown
30465/tcp filtered unknown
33836/tcp filtered unknown
40323/tcp filtered unknown
40758/tcp filtered unknown
42305/tcp filtered unknown
47001/tcp open     winrm
49664/tcp open     unknown
49665/tcp open     unknown
49666/tcp open     unknown
49667/tcp open     unknown
49678/tcp open     unknown
49679/tcp open     unknown
49680/tcp open     unknown
50704/tcp filtered unknown
52601/tcp filtered unknown
59050/tcp filtered unknown

Nmap done: 1 IP address (1 host up) scanned in 1550.03 seconds
#######################################################################

bissorm@vbox-kali:~/writeups/remote-htb$ sudo nmap -sS -T4 -p21,80,111,121,135,139,157,445,2049,2929,4968,5985,14510,15959,22705,30311,30465,33836,47001 -A 10.10.10.180
Starting Nmap 7.80 ( https://nmap.org ) at 2020-04-07 09:09 -03
Nmap scan report for 10.10.10.180
Host is up (0.38s latency).

PORT      STATE  SERVICE       VERSION
21/tcp    open   ftp           Microsoft ftpd
|_ftp-anon: Anonymous FTP login allowed (FTP code 230)
| ftp-syst: 
|_  SYST: Windows_NT
80/tcp    open   http          Microsoft HTTPAPI httpd 2.0 (SSDP/UPnP)
|_http-title: Home - Acme Widgets
111/tcp   open   rpcbind       2-4 (RPC #100000)
| rpcinfo: 
|   program version    port/proto  service
|   100000  2,3,4        111/tcp   rpcbind
|   100000  2,3,4        111/tcp6  rpcbind
|   100000  2,3,4        111/udp   rpcbind
|   100000  2,3,4        111/udp6  rpcbind
|   100003  2,3         2049/udp   nfs
|   100003  2,3         2049/udp6  nfs
|   100003  2,3,4       2049/tcp   nfs
|   100003  2,3,4       2049/tcp6  nfs
|   100005  1,2,3       2049/tcp   mountd
|   100005  1,2,3       2049/tcp6  mountd
|   100005  1,2,3       2049/udp   mountd
|   100005  1,2,3       2049/udp6  mountd
|   100021  1,2,3,4     2049/tcp   nlockmgr
|   100021  1,2,3,4     2049/tcp6  nlockmgr
|   100021  1,2,3,4     2049/udp   nlockmgr
|   100021  1,2,3,4     2049/udp6  nlockmgr
|   100024  1           2049/tcp   status
|   100024  1           2049/tcp6  status
|   100024  1           2049/udp   status
|_  100024  1           2049/udp6  status
121/tcp   closed erpc
135/tcp   open   msrpc         Microsoft Windows RPC
139/tcp   open   netbios-ssn   Microsoft Windows netbios-ssn
157/tcp   closed knet-cmp
445/tcp   open   microsoft-ds?
2049/tcp  open   mountd        1-3 (RPC #100005)
2929/tcp  closed amx-webadmin
4968/tcp  closed unknown
5985/tcp  open   http          Microsoft HTTPAPI httpd 2.0 (SSDP/UPnP)
|_http-server-header: Microsoft-HTTPAPI/2.0
|_http-title: Not Found
14510/tcp closed unknown
15959/tcp closed unknown
22705/tcp closed unknown
30311/tcp closed unknown
30465/tcp closed unknown
33836/tcp closed unknown
47001/tcp open   http          Microsoft HTTPAPI httpd 2.0 (SSDP/UPnP)
|_http-server-header: Microsoft-HTTPAPI/2.0
|_http-title: Not Found
No exact OS matches for host (If you know what OS is running on it, see https://nmap.org/submit/ ).
TCP/IP fingerprint:
OS:SCAN(V=7.80%E=4%D=4/7%OT=21%CT=121%CU=43436%PV=Y%DS=2%DC=T%G=Y%TM=5E8C6E
OS:9C%P=x86_64-pc-linux-gnu)SEQ(SP=105%GCD=6%ISR=10C%TI=I%CI=I%II=I%SS=S%TS
OS:=U)SEQ(SP=105%GCD=1%ISR=10C%TI=I%CI=I%II=I%TS=U)OPS(O1=M54BNW8NNS%O2=M54
OS:BNW8NNS%O3=M54BNW8%O4=M54BNW8NNS%O5=M54BNW8NNS%O6=M54BNNS)WIN(W1=FFFF%W2
OS:=FFFF%W3=FFFF%W4=FFFF%W5=FFFF%W6=FF70)ECN(R=Y%DF=Y%T=80%W=FFFF%O=M54BNW8
OS:NNS%CC=Y%Q=)T1(R=Y%DF=Y%T=80%S=O%A=S+%F=AS%RD=0%Q=)T2(R=Y%DF=Y%T=80%W=0%
OS:S=Z%A=S%F=AR%O=%RD=0%Q=)T3(R=Y%DF=Y%T=80%W=0%S=Z%A=O%F=AR%O=%RD=0%Q=)T4(
OS:R=Y%DF=Y%T=80%W=0%S=A%A=O%F=R%O=%RD=0%Q=)T5(R=Y%DF=Y%T=80%W=0%S=Z%A=S+%F
OS:=AR%O=%RD=0%Q=)T6(R=Y%DF=Y%T=80%W=0%S=A%A=O%F=R%O=%RD=0%Q=)T7(R=Y%DF=Y%T
OS:=80%W=0%S=Z%A=S+%F=AR%O=%RD=0%Q=)U1(R=Y%DF=N%T=80%IPL=164%UN=0%RIPL=G%RI
OS:D=G%RIPCK=G%RUCK=G%RUD=G)IE(R=Y%DFI=N%T=80%CD=Z)

Network Distance: 2 hops
Service Info: OS: Windows; CPE: cpe:/o:microsoft:windows

Host script results:
|_clock-skew: 2m34s
| smb2-security-mode: 
|   2.02: 
|_    Message signing enabled but not required
| smb2-time: 
|   date: 2020-04-07T12:13:16
|_  start_date: N/A

TRACEROUTE (using port 2929/tcp)
HOP RTT       ADDRESS
1   193.40 ms 10.10.16.1
2   458.19 ms 10.10.10.180

OS and Service detection performed. Please report any incorrect results at https://nmap.org/submit/ .
Nmap done: 1 IP address (1 host up) scanned in 295.03 seconds

